[0.452s] Invoking command in '/home/ranish/ros2_ws/src/ai_labs': PYTHONPATH=/home/ranish/ros2_ws/build/ai_labs/prefix_override:/usr/lib/python3/dist-packages/colcon_core/task/python/colcon_distutils_commands:/home/ranish/ros2_ws/install/ai_labs/lib/python3.10/site-packages:${PYTHONPATH} /usr/bin/python3 -W ignore:setup.py install is deprecated -W ignore:easy_install command is deprecated setup.py egg_info --egg-base ../../build/ai_labs build --build-base /home/ranish/ros2_ws/build/ai_labs/build install --record /home/ranish/ros2_ws/build/ai_labs/install.log --single-version-externally-managed install_data
[0.619s] running egg_info
[0.619s] creating ../../build/ai_labs/ai_labs.egg-info
[0.619s] writing ../../build/ai_labs/ai_labs.egg-info/PKG-INFO
[0.619s] writing dependency_links to ../../build/ai_labs/ai_labs.egg-info/dependency_links.txt
[0.619s] writing entry points to ../../build/ai_labs/ai_labs.egg-info/entry_points.txt
[0.619s] writing requirements to ../../build/ai_labs/ai_labs.egg-info/requires.txt
[0.619s] writing top-level names to ../../build/ai_labs/ai_labs.egg-info/top_level.txt
[0.619s] writing manifest file '../../build/ai_labs/ai_labs.egg-info/SOURCES.txt'
[0.621s] reading manifest file '../../build/ai_labs/ai_labs.egg-info/SOURCES.txt'
[0.621s] writing manifest file '../../build/ai_labs/ai_labs.egg-info/SOURCES.txt'
[0.621s] running build
[0.621s] running build_py
[0.621s] creating /home/ranish/ros2_ws/build/ai_labs/build
[0.621s] creating /home/ranish/ros2_ws/build/ai_labs/build/lib
[0.621s] creating /home/ranish/ros2_ws/build/ai_labs/build/lib/ai_labs
[0.621s] copying ai_labs/__init__.py -> /home/ranish/ros2_ws/build/ai_labs/build/lib/ai_labs
[0.622s] copying ai_labs/square.py -> /home/ranish/ros2_ws/build/ai_labs/build/lib/ai_labs
[0.622s] running install
[0.622s] running install_lib
[0.622s] creating /home/ranish/ros2_ws/install/ai_labs/lib/python3.10/site-packages/ai_labs
[0.622s] copying /home/ranish/ros2_ws/build/ai_labs/build/lib/ai_labs/__init__.py -> /home/ranish/ros2_ws/install/ai_labs/lib/python3.10/site-packages/ai_labs
[0.622s] copying /home/ranish/ros2_ws/build/ai_labs/build/lib/ai_labs/square.py -> /home/ranish/ros2_ws/install/ai_labs/lib/python3.10/site-packages/ai_labs
[0.622s] byte-compiling /home/ranish/ros2_ws/install/ai_labs/lib/python3.10/site-packages/ai_labs/__init__.py to __init__.cpython-310.pyc
[0.622s] byte-compiling /home/ranish/ros2_ws/install/ai_labs/lib/python3.10/site-packages/ai_labs/square.py to square.cpython-310.pyc
[0.622s] running install_data
[0.624s] creating /home/ranish/ros2_ws/install/ai_labs/share/ament_index
[0.624s] creating /home/ranish/ros2_ws/install/ai_labs/share/ament_index/resource_index
[0.624s] creating /home/ranish/ros2_ws/install/ai_labs/share/ament_index/resource_index/packages
[0.624s] copying resource/ai_labs -> /home/ranish/ros2_ws/install/ai_labs/share/ament_index/resource_index/packages
[0.624s] copying package.xml -> /home/ranish/ros2_ws/install/ai_labs/share/ai_labs
[0.624s] creating /home/ranish/ros2_ws/install/ai_labs/share/ai_labs/launch
[0.624s] copying launch/lab1_launch.py -> /home/ranish/ros2_ws/install/ai_labs/share/ai_labs/launch
[0.624s] running install_egg_info
[0.625s] Copying ../../build/ai_labs/ai_labs.egg-info to /home/ranish/ros2_ws/install/ai_labs/lib/python3.10/site-packages/ai_labs-0.0.0-py3.10.egg-info
[0.625s] running install_scripts
[0.643s] Installing square script to /home/ranish/ros2_ws/install/ai_labs/lib/ai_labs
[0.645s] Installing square_solution script to /home/ranish/ros2_ws/install/ai_labs/lib/ai_labs
[0.645s] Installing subscribe_pose script to /home/ranish/ros2_ws/install/ai_labs/lib/ai_labs
[0.645s] writing list of installed files to '/home/ranish/ros2_ws/build/ai_labs/install.log'
[0.665s] Invoked command in '/home/ranish/ros2_ws/src/ai_labs' returned '0': PYTHONPATH=/home/ranish/ros2_ws/build/ai_labs/prefix_override:/usr/lib/python3/dist-packages/colcon_core/task/python/colcon_distutils_commands:/home/ranish/ros2_ws/install/ai_labs/lib/python3.10/site-packages:${PYTHONPATH} /usr/bin/python3 -W ignore:setup.py install is deprecated -W ignore:easy_install command is deprecated setup.py egg_info --egg-base ../../build/ai_labs build --build-base /home/ranish/ros2_ws/build/ai_labs/build install --record /home/ranish/ros2_ws/build/ai_labs/install.log --single-version-externally-managed install_data
