/home/ranish/ros2_ws/install/ai_labs/lib/python3.10/site-packages/ai_labs/initials.py
/home/ranish/ros2_ws/install/ai_labs/lib/python3.10/site-packages/ai_labs/__init__.py
/home/ranish/ros2_ws/install/ai_labs/lib/python3.10/site-packages/ai_labs/subscribe_pose.py
/home/ranish/ros2_ws/install/ai_labs/lib/python3.10/site-packages/ai_labs/square.py
/home/ranish/ros2_ws/install/ai_labs/lib/python3.10/site-packages/ai_labs/__pycache__/initials.cpython-310.pyc
/home/ranish/ros2_ws/install/ai_labs/lib/python3.10/site-packages/ai_labs/__pycache__/__init__.cpython-310.pyc
/home/ranish/ros2_ws/install/ai_labs/lib/python3.10/site-packages/ai_labs/__pycache__/subscribe_pose.cpython-310.pyc
/home/ranish/ros2_ws/install/ai_labs/lib/python3.10/site-packages/ai_labs/__pycache__/square.cpython-310.pyc
/home/ranish/ros2_ws/install/ai_labs/share/ament_index/resource_index/packages/ai_labs
/home/ranish/ros2_ws/install/ai_labs/share/ai_labs/package.xml
/home/ranish/ros2_ws/install/ai_labs/share/ai_labs/launch/lab1_launch.py
/home/ranish/ros2_ws/install/ai_labs/share/ai_labs/launch/initials_launch.py
/home/ranish/ros2_ws/install/ai_labs/lib/python3.10/site-packages/ai_labs-0.0.0-py3.10.egg-info/top_level.txt
/home/ranish/ros2_ws/install/ai_labs/lib/python3.10/site-packages/ai_labs-0.0.0-py3.10.egg-info/entry_points.txt
/home/ranish/ros2_ws/install/ai_labs/lib/python3.10/site-packages/ai_labs-0.0.0-py3.10.egg-info/zip-safe
/home/ranish/ros2_ws/install/ai_labs/lib/python3.10/site-packages/ai_labs-0.0.0-py3.10.egg-info/requires.txt
/home/ranish/ros2_ws/install/ai_labs/lib/python3.10/site-packages/ai_labs-0.0.0-py3.10.egg-info/PKG-INFO
/home/ranish/ros2_ws/install/ai_labs/lib/python3.10/site-packages/ai_labs-0.0.0-py3.10.egg-info/SOURCES.txt
/home/ranish/ros2_ws/install/ai_labs/lib/python3.10/site-packages/ai_labs-0.0.0-py3.10.egg-info/dependency_links.txt
/home/ranish/ros2_ws/install/ai_labs/lib/ai_labs/initials
/home/ranish/ros2_ws/install/ai_labs/lib/ai_labs/square
/home/ranish/ros2_ws/install/ai_labs/lib/ai_labs/square_solution
/home/ranish/ros2_ws/install/ai_labs/lib/ai_labs/subscribe_pose
