[0.490s] Invoking command in '/home/ranish/ros2_ws/src/ai_labs': PYTHONPATH=/home/ranish/ros2_ws/build/ai_labs/prefix_override:/usr/lib/python3/dist-packages/colcon_core/task/python/colcon_distutils_commands:/home/ranish/ros2_ws/install/ai_labs/lib/python3.10/site-packages:${PYTHONPATH} /usr/bin/python3 -W ignore:setup.py install is deprecated -W ignore:easy_install command is deprecated setup.py egg_info --egg-base ../../build/ai_labs build --build-base /home/ranish/ros2_ws/build/ai_labs/build install --record /home/ranish/ros2_ws/build/ai_labs/install.log --single-version-externally-managed install_data
[0.664s] running egg_info
[0.664s] writing ../../build/ai_labs/ai_labs.egg-info/PKG-INFO
[0.665s] writing dependency_links to ../../build/ai_labs/ai_labs.egg-info/dependency_links.txt
[0.665s] writing entry points to ../../build/ai_labs/ai_labs.egg-info/entry_points.txt
[0.665s] writing requirements to ../../build/ai_labs/ai_labs.egg-info/requires.txt
[0.665s] writing top-level names to ../../build/ai_labs/ai_labs.egg-info/top_level.txt
[0.667s] reading manifest file '../../build/ai_labs/ai_labs.egg-info/SOURCES.txt'
[0.672s] writing manifest file '../../build/ai_labs/ai_labs.egg-info/SOURCES.txt'
[0.672s] running build
[0.673s] running build_py
[0.673s] running install
[0.673s] running install_lib
[0.674s] running install_data
[0.674s] running install_egg_info
[0.676s] removing '/home/ranish/ros2_ws/install/ai_labs/lib/python3.10/site-packages/ai_labs-0.0.0-py3.10.egg-info' (and everything under it)
[0.677s] Copying ../../build/ai_labs/ai_labs.egg-info to /home/ranish/ros2_ws/install/ai_labs/lib/python3.10/site-packages/ai_labs-0.0.0-py3.10.egg-info
[0.677s] running install_scripts
[0.695s] Installing square script to /home/ranish/ros2_ws/install/ai_labs/lib/ai_labs
[0.696s] Installing square_solution script to /home/ranish/ros2_ws/install/ai_labs/lib/ai_labs
[0.696s] Installing subscribe_pose script to /home/ranish/ros2_ws/install/ai_labs/lib/ai_labs
[0.697s] writing list of installed files to '/home/ranish/ros2_ws/build/ai_labs/install.log'
[0.716s] Invoked command in '/home/ranish/ros2_ws/src/ai_labs' returned '0': PYTHONPATH=/home/ranish/ros2_ws/build/ai_labs/prefix_override:/usr/lib/python3/dist-packages/colcon_core/task/python/colcon_distutils_commands:/home/ranish/ros2_ws/install/ai_labs/lib/python3.10/site-packages:${PYTHONPATH} /usr/bin/python3 -W ignore:setup.py install is deprecated -W ignore:easy_install command is deprecated setup.py egg_info --egg-base ../../build/ai_labs build --build-base /home/ranish/ros2_ws/build/ai_labs/build install --record /home/ranish/ros2_ws/build/ai_labs/install.log --single-version-externally-managed install_data
